<?xml version="1.0" encoding="UTF-8"?>
<testsuite name="org.opentcs.kernelcontrolcenter.KernelControlCenterApplicationTest" tests="3" skipped="0" failures="0" errors="0" timestamp="2019-02-19T22:14:35" hostname="virtualserver01" time="2.583">
  <properties/>
  <testcase name="shouldOnlyConnectOnce" classname="org.opentcs.kernelcontrolcenter.KernelControlCenterApplicationTest" time="2.576"/>
  <testcase name="onlyInitializeOnce" classname="org.opentcs.kernelcontrolcenter.KernelControlCenterApplicationTest" time="0.003"/>
  <testcase name="onlyTerminateOnce" classname="org.opentcs.kernelcontrolcenter.KernelControlCenterApplicationTest" time="0.002"/>
  <system-out><![CDATA[]]></system-out>
  <system-err><![CDATA[Feb 19, 2019 4:14:38 PM org.opentcs.kernelcontrolcenter.KernelControlCenterApplication online
INFO: Switching application state to online...
]]></system-err>
</testsuite>
