<?xml version="1.0" encoding="UTF-8"?>
<testsuite name="org.opentcs.kernel.workingset.NotificationBufferTest" tests="2" skipped="0" failures="0" errors="0" timestamp="2019-02-19T22:14:32" hostname="virtualserver01" time="0.02">
  <properties/>
  <testcase name="testCapacityAndCutBackCount" classname="org.opentcs.kernel.workingset.NotificationBufferTest" time="0.017"/>
  <testcase name="testMessageCountValidity" classname="org.opentcs.kernel.workingset.NotificationBufferTest" time="0.003"/>
  <system-out><![CDATA[]]></system-out>
  <system-err><![CDATA[]]></system-err>
</testsuite>
