<?xml version="1.0" encoding="UTF-8"?>
<testsuite name="org.opentcs.documentation.CreateTransportOrderTest" tests="2" skipped="0" failures="0" errors="0" timestamp="2019-02-19T22:14:28" hostname="virtualserver01" time="0.009">
  <properties/>
  <testcase name="shouldCreateAndActivateTransportOrder" classname="org.opentcs.documentation.CreateTransportOrderTest" time="0.008"/>
  <testcase name="shouldCreateTransportOrderToAPoint" classname="org.opentcs.documentation.CreateTransportOrderTest" time="0.001"/>
  <system-out><![CDATA[]]></system-out>
  <system-err><![CDATA[]]></system-err>
</testsuite>
