<?xml version="1.0" encoding="UTF-8"?>
<testsuite name="org.opentcs.kernel.persistence.XMLFileModelPersisterTest" tests="7" skipped="2" failures="0" errors="0" timestamp="2019-02-19T22:14:32" hostname="virtualserver01" time="0.085">
  <properties/>
  <testcase name="testSaveModelShouldWriteXMLModel" classname="org.opentcs.kernel.persistence.XMLFileModelPersisterTest" time="0.039"/>
  <testcase name="shouldLoadEmptyModelIfNoModelIsSaved" classname="org.opentcs.kernel.persistence.XMLFileModelPersisterTest" time="0.032"/>
  <testcase name="shouldHaveModelAfterSavingModel" classname="org.opentcs.kernel.persistence.XMLFileModelPersisterTest" time="0.002"/>
  <testcase name="testSavedModelNameShouldBeAsSpecified" classname="org.opentcs.kernel.persistence.XMLFileModelPersisterTest" time="0.0">
    <skipped/>
  </testcase>
  <testcase name="testLoadModelShouldReadXMLModel" classname="org.opentcs.kernel.persistence.XMLFileModelPersisterTest" time="0.0">
    <skipped/>
  </testcase>
  <testcase name="shouldNotHaveModelAfterRemovingModel" classname="org.opentcs.kernel.persistence.XMLFileModelPersisterTest" time="0.005"/>
  <testcase name="testModelNameShouldNotBePresentAfterRemovingModel" classname="org.opentcs.kernel.persistence.XMLFileModelPersisterTest" time="0.005"/>
  <system-out><![CDATA[]]></system-out>
  <system-err><![CDATA[]]></system-err>
</testsuite>
