<?xml version="1.0" encoding="UTF-8"?>
<testsuite name="org.opentcs.kernel.extensions.servicewebapi.v1.status.StatusEventDispatcherTest" tests="3" skipped="0" failures="0" errors="0" timestamp="2019-02-19T22:14:29" hostname="virtualserver01" time="0.024">
  <properties/>
  <testcase name="returnEmptyListIfThereWereNoEvents" classname="org.opentcs.kernel.extensions.servicewebapi.v1.status.StatusEventDispatcherTest" time="0.011"/>
  <testcase name="respectConfiguredCapacity" classname="org.opentcs.kernel.extensions.servicewebapi.v1.status.StatusEventDispatcherTest" time="0.012"/>
  <testcase name="keepAllEventsIfLessThanCapacity" classname="org.opentcs.kernel.extensions.servicewebapi.v1.status.StatusEventDispatcherTest" time="0.0"/>
  <system-out><![CDATA[]]></system-out>
  <system-err><![CDATA[]]></system-err>
</testsuite>
