<?xml version="1.0" encoding="UTF-8"?>
<testsuite name="org.opentcs.kernel.extensions.xmlhost.status.binding.TCSStatusMessageSetTest" tests="1" skipped="0" failures="0" errors="0" timestamp="2019-02-19T22:14:29" hostname="virtualserver01" time="0.06">
  <properties/>
  <testcase name="shouldMapToOrderStatusMessage" classname="org.opentcs.kernel.extensions.xmlhost.status.binding.TCSStatusMessageSetTest" time="0.06"/>
  <system-out><![CDATA[]]></system-out>
  <system-err><![CDATA[Feb 19, 2019 4:14:29 PM org.opentcs.kernel.extensions.xmlhost.status.binding.TCSStatusMessageSetTest shouldMapToOrderStatusMessage
INFO: <?xml version="1.0" encoding="UTF-8" standalone="yes"?>
<tcsStatusMessageSet timeStamp="2019-02-19T16:14:29.698-06:00">
    <statusMessage xsi:type="orderStatusMessage" orderName="TOrder-0001" orderState="ACTIVE" xmlns:xsi="http://www.w3.org/2001/XMLSchema-instance">
        <destination locationName="Storage 01" operation="Load cargo" state="PRISTINE"/>
        <destination locationName="Storage 02" operation="Unload cargo" state="PRISTINE"/>
        <property key="waitBefore" value="Unload"/>
    </statusMessage>
</tcsStatusMessageSet>

]]></system-err>
</testsuite>
