<?xml version="1.0" encoding="UTF-8"?>
<testsuite name="org.opentcs.kernel.extensions.controlcenter.vehicles.AttachmentManagerTest" tests="5" skipped="0" failures="0" errors="0" timestamp="2019-02-19T22:14:29" hostname="virtualserver01" time="0.143">
  <properties/>
  <testcase name="shouldAoutoAttachToFirstAvailableAdapter" classname="org.opentcs.kernel.extensions.controlcenter.vehicles.AttachmentManagerTest" time="0.104"/>
  <testcase name="shouldDetachAdapterFromVehicle" classname="org.opentcs.kernel.extensions.controlcenter.vehicles.AttachmentManagerTest" time="0.017"/>
  <testcase name="shouldNotAttachUnknownVehicle" classname="org.opentcs.kernel.extensions.controlcenter.vehicles.AttachmentManagerTest" time="0.006"/>
  <testcase name="shouldAttachAdapterToVehicle" classname="org.opentcs.kernel.extensions.controlcenter.vehicles.AttachmentManagerTest" time="0.009"/>
  <testcase name="shoudAutoAttachAdapterToVehicle" classname="org.opentcs.kernel.extensions.controlcenter.vehicles.AttachmentManagerTest" time="0.005"/>
  <system-out><![CDATA[]]></system-out>
  <system-err><![CDATA[Feb 19, 2019 4:14:29 PM org.opentcs.kernel.extensions.controlcenter.vehicles.AttachmentManager autoAttachAdapterToVehicle
WARNING: Couldn't attach preferred adapter org.opentcs.kernel.extensions.controlcenter.vehicles.AttachmentManagerTest$SimpleCommAdapterFactory to Vehicle2.  Attaching first available adapter.
Feb 19, 2019 4:14:29 PM org.opentcs.kernel.extensions.controlcenter.vehicles.AttachmentManagerTest setUp
INFO: Vehicle{name=Vehicle1, ipaddress=127.0.0.1, procState=UNAVAILABLE, integrationLevel=TO_BE_UTILIZED, state=UNKNOWN, energyLevel=100, currentPosition=null, precisePosition=null, orientationAngle=NaN, nextPosition=null, loadHandlingDevices=[], length=1000, adapterState=UNKNOWN, transportOrder=null, routeProgressIndex=-1, orderSequence=null, energyLevelGood=90, energyLevelCritical=30, maxVelocity=1000, maxReverseVelocity=1000, rechargeOperation=CHARGE, processableCategories=[-]}
Feb 19, 2019 4:14:29 PM org.opentcs.kernel.extensions.controlcenter.vehicles.AttachmentManagerTest setUp
INFO: Vehicle{name=Vehicle2, ipaddress=127.0.0.1, procState=UNAVAILABLE, integrationLevel=TO_BE_UTILIZED, state=UNKNOWN, energyLevel=100, currentPosition=null, precisePosition=null, orientationAngle=NaN, nextPosition=null, loadHandlingDevices=[], length=1000, adapterState=UNKNOWN, transportOrder=null, routeProgressIndex=-1, orderSequence=null, energyLevelGood=90, energyLevelCritical=30, maxVelocity=1000, maxReverseVelocity=1000, rechargeOperation=CHARGE, processableCategories=[-]}
Feb 19, 2019 4:14:29 PM org.opentcs.kernel.extensions.controlcenter.vehicles.AttachmentManager autoAttachAdapterToVehicle
WARNING: Couldn't attach preferred adapter org.opentcs.kernel.extensions.controlcenter.vehicles.AttachmentManagerTest$SimpleCommAdapterFactory to Vehicle2.  Attaching first available adapter.
Feb 19, 2019 4:14:29 PM org.opentcs.kernel.extensions.controlcenter.vehicles.AttachmentManagerTest setUp
INFO: Vehicle{name=Vehicle1, ipaddress=127.0.0.1, procState=UNAVAILABLE, integrationLevel=TO_BE_UTILIZED, state=UNKNOWN, energyLevel=100, currentPosition=null, precisePosition=null, orientationAngle=NaN, nextPosition=null, loadHandlingDevices=[], length=1000, adapterState=UNKNOWN, transportOrder=null, routeProgressIndex=-1, orderSequence=null, energyLevelGood=90, energyLevelCritical=30, maxVelocity=1000, maxReverseVelocity=1000, rechargeOperation=CHARGE, processableCategories=[-]}
Feb 19, 2019 4:14:29 PM org.opentcs.kernel.extensions.controlcenter.vehicles.AttachmentManagerTest setUp
INFO: Vehicle{name=Vehicle2, ipaddress=127.0.0.1, procState=UNAVAILABLE, integrationLevel=TO_BE_UTILIZED, state=UNKNOWN, energyLevel=100, currentPosition=null, precisePosition=null, orientationAngle=NaN, nextPosition=null, loadHandlingDevices=[], length=1000, adapterState=UNKNOWN, transportOrder=null, routeProgressIndex=-1, orderSequence=null, energyLevelGood=90, energyLevelCritical=30, maxVelocity=1000, maxReverseVelocity=1000, rechargeOperation=CHARGE, processableCategories=[-]}
Feb 19, 2019 4:14:29 PM org.opentcs.kernel.extensions.controlcenter.vehicles.AttachmentManager autoAttachAdapterToVehicle
WARNING: Couldn't attach preferred adapter org.opentcs.kernel.extensions.controlcenter.vehicles.AttachmentManagerTest$SimpleCommAdapterFactory to Vehicle2.  Attaching first available adapter.
Feb 19, 2019 4:14:29 PM org.opentcs.kernel.extensions.controlcenter.vehicles.AttachmentManagerTest setUp
INFO: Vehicle{name=Vehicle1, ipaddress=127.0.0.1, procState=UNAVAILABLE, integrationLevel=TO_BE_UTILIZED, state=UNKNOWN, energyLevel=100, currentPosition=null, precisePosition=null, orientationAngle=NaN, nextPosition=null, loadHandlingDevices=[], length=1000, adapterState=UNKNOWN, transportOrder=null, routeProgressIndex=-1, orderSequence=null, energyLevelGood=90, energyLevelCritical=30, maxVelocity=1000, maxReverseVelocity=1000, rechargeOperation=CHARGE, processableCategories=[-]}
Feb 19, 2019 4:14:29 PM org.opentcs.kernel.extensions.controlcenter.vehicles.AttachmentManagerTest setUp
INFO: Vehicle{name=Vehicle2, ipaddress=127.0.0.1, procState=UNAVAILABLE, integrationLevel=TO_BE_UTILIZED, state=UNKNOWN, energyLevel=100, currentPosition=null, precisePosition=null, orientationAngle=NaN, nextPosition=null, loadHandlingDevices=[], length=1000, adapterState=UNKNOWN, transportOrder=null, routeProgressIndex=-1, orderSequence=null, energyLevelGood=90, energyLevelCritical=30, maxVelocity=1000, maxReverseVelocity=1000, rechargeOperation=CHARGE, processableCategories=[-]}
Feb 19, 2019 4:14:29 PM org.opentcs.kernel.extensions.controlcenter.vehicles.AttachmentManager attachAdapterToVehicle
WARNING: No vehicle entry found for 'UnknownVehicle'. Entries: org.opentcs.kernel.extensions.controlcenter.vehicles.VehicleEntryPool@62e52787
Feb 19, 2019 4:14:29 PM org.opentcs.kernel.extensions.controlcenter.vehicles.AttachmentManager autoAttachAdapterToVehicle
WARNING: Couldn't attach preferred adapter org.opentcs.kernel.extensions.controlcenter.vehicles.AttachmentManagerTest$SimpleCommAdapterFactory to Vehicle2.  Attaching first available adapter.
Feb 19, 2019 4:14:29 PM org.opentcs.kernel.extensions.controlcenter.vehicles.AttachmentManagerTest setUp
INFO: Vehicle{name=Vehicle1, ipaddress=127.0.0.1, procState=UNAVAILABLE, integrationLevel=TO_BE_UTILIZED, state=UNKNOWN, energyLevel=100, currentPosition=null, precisePosition=null, orientationAngle=NaN, nextPosition=null, loadHandlingDevices=[], length=1000, adapterState=UNKNOWN, transportOrder=null, routeProgressIndex=-1, orderSequence=null, energyLevelGood=90, energyLevelCritical=30, maxVelocity=1000, maxReverseVelocity=1000, rechargeOperation=CHARGE, processableCategories=[-]}
Feb 19, 2019 4:14:29 PM org.opentcs.kernel.extensions.controlcenter.vehicles.AttachmentManagerTest setUp
INFO: Vehicle{name=Vehicle2, ipaddress=127.0.0.1, procState=UNAVAILABLE, integrationLevel=TO_BE_UTILIZED, state=UNKNOWN, energyLevel=100, currentPosition=null, precisePosition=null, orientationAngle=NaN, nextPosition=null, loadHandlingDevices=[], length=1000, adapterState=UNKNOWN, transportOrder=null, routeProgressIndex=-1, orderSequence=null, energyLevelGood=90, energyLevelCritical=30, maxVelocity=1000, maxReverseVelocity=1000, rechargeOperation=CHARGE, processableCategories=[-]}
Feb 19, 2019 4:14:29 PM org.opentcs.kernel.extensions.controlcenter.vehicles.AttachmentManager autoAttachAdapterToVehicle
WARNING: Couldn't attach preferred adapter org.opentcs.kernel.extensions.controlcenter.vehicles.AttachmentManagerTest$SimpleCommAdapterFactory to Vehicle2.  Attaching first available adapter.
Feb 19, 2019 4:14:29 PM org.opentcs.kernel.extensions.controlcenter.vehicles.AttachmentManagerTest setUp
INFO: Vehicle{name=Vehicle1, ipaddress=127.0.0.1, procState=UNAVAILABLE, integrationLevel=TO_BE_UTILIZED, state=UNKNOWN, energyLevel=100, currentPosition=null, precisePosition=null, orientationAngle=NaN, nextPosition=null, loadHandlingDevices=[], length=1000, adapterState=UNKNOWN, transportOrder=null, routeProgressIndex=-1, orderSequence=null, energyLevelGood=90, energyLevelCritical=30, maxVelocity=1000, maxReverseVelocity=1000, rechargeOperation=CHARGE, processableCategories=[-]}
Feb 19, 2019 4:14:29 PM org.opentcs.kernel.extensions.controlcenter.vehicles.AttachmentManagerTest setUp
INFO: Vehicle{name=Vehicle2, ipaddress=127.0.0.1, procState=UNAVAILABLE, integrationLevel=TO_BE_UTILIZED, state=UNKNOWN, energyLevel=100, currentPosition=null, precisePosition=null, orientationAngle=NaN, nextPosition=null, loadHandlingDevices=[], length=1000, adapterState=UNKNOWN, transportOrder=null, routeProgressIndex=-1, orderSequence=null, energyLevelGood=90, energyLevelCritical=30, maxVelocity=1000, maxReverseVelocity=1000, rechargeOperation=CHARGE, processableCategories=[-]}
]]></system-err>
</testsuite>
