<?xml version="1.0" encoding="UTF-8"?>
<testsuite name="org.opentcs.kernel.KernelStateOperatingTest" tests="4" skipped="0" failures="0" errors="0" timestamp="2019-02-19T22:14:29" hostname="virtualserver01" time="2.272">
  <properties/>
  <testcase name="shouldInitializeExtensionsAndComponents" classname="org.opentcs.kernel.KernelStateOperatingTest" time="1.256"/>
  <testcase name="terminateKernelWithVehiclesAsUnavailable" classname="org.opentcs.kernel.KernelStateOperatingTest" time="0.512"/>
  <testcase name="initializeKernelWithVehiclesAsUnavailable" classname="org.opentcs.kernel.KernelStateOperatingTest" time="0.002"/>
  <testcase name="shouldTerminateExtensionsAndComponents" classname="org.opentcs.kernel.KernelStateOperatingTest" time="0.502"/>
  <system-out><![CDATA[]]></system-out>
  <system-err><![CDATA[]]></system-err>
</testsuite>
