<?xml version="1.0" encoding="UTF-8"?>
<testsuite name="org.opentcs.kernel.extensions.servicewebapi.AuthenticatorTest" tests="3" skipped="0" failures="0" errors="0" timestamp="2019-02-19T22:14:29" hostname="virtualserver01" time="0.15">
  <properties/>
  <testcase name="allowRequestIfCorrectAccessKeyGiven" classname="org.opentcs.kernel.extensions.servicewebapi.AuthenticatorTest" time="0.148"/>
  <testcase name="allowRequestsIfNoAccessKeyConfigured" classname="org.opentcs.kernel.extensions.servicewebapi.AuthenticatorTest" time="0.001"/>
  <testcase name="disallowRequestIfWrongAccessKeyGiven" classname="org.opentcs.kernel.extensions.servicewebapi.AuthenticatorTest" time="0.001"/>
  <system-out><![CDATA[]]></system-out>
  <system-err><![CDATA[]]></system-err>
</testsuite>
