<?xml version="1.0" encoding="UTF-8"?>
<testsuite name="org.opentcs.util.ColorsTest" tests="2" skipped="0" failures="0" errors="0" timestamp="2019-02-23T17:39:50" hostname="virtualserver01" time="0.023">
  <properties/>
  <testcase name="testDecodeFromHexRGB" classname="org.opentcs.util.ColorsTest" time="0.022"/>
  <testcase name="testEncodeToHexRGB" classname="org.opentcs.util.ColorsTest" time="0.001"/>
  <system-out><![CDATA[]]></system-out>
  <system-err><![CDATA[]]></system-err>
</testsuite>
