<?xml version="1.0" encoding="UTF-8"?>
<testsuite name="org.opentcs.util.gui.StringTableCellRendererTest" tests="2" skipped="0" failures="0" errors="0" timestamp="2019-02-23T17:39:50" hostname="virtualserver01" time="0.003">
  <properties/>
  <testcase name="returnsNullForNullValue" classname="org.opentcs.util.gui.StringTableCellRendererTest" time="0.002"/>
  <testcase name="returnsLabelWithNameAsText" classname="org.opentcs.util.gui.StringTableCellRendererTest" time="0.0"/>
  <system-out><![CDATA[]]></system-out>
  <system-err><![CDATA[]]></system-err>
</testsuite>
