<?xml version="1.0" encoding="UTF-8"?>
<testsuite name="org.opentcs.util.eventsystem.SynchronousEventHubTest" tests="4" skipped="0" failures="0" errors="0" timestamp="2019-02-19T22:14:03" hostname="virtualserver01" time="0.189">
  <properties/>
  <testcase name="shouldNotDeliverToUnregisteredListener" classname="org.opentcs.util.eventsystem.SynchronousEventHubTest" time="0.075"/>
  <testcase name="shouldDeliverToRegisteredListener" classname="org.opentcs.util.eventsystem.SynchronousEventHubTest" time="0.012"/>
  <testcase name="testAcceptingListener" classname="org.opentcs.util.eventsystem.SynchronousEventHubTest" time="0.101"/>
  <testcase name="testRefusingListener" classname="org.opentcs.util.eventsystem.SynchronousEventHubTest" time="0.001"/>
  <system-out><![CDATA[]]></system-out>
  <system-err><![CDATA[]]></system-err>
</testsuite>
