<?xml version="1.0" encoding="UTF-8"?>
<testsuite name="org.opentcs.strategies.basic.dispatching.CompositeTransportOrderSelectionVetoTest" tests="4" skipped="0" failures="0" errors="0" timestamp="2019-02-19T22:15:02" hostname="virtualserver01" time="0.052">
  <properties/>
  <testcase name="shouldVetoTransportOrdersContainingOrder" classname="org.opentcs.strategies.basic.dispatching.CompositeTransportOrderSelectionVetoTest" time="0.041"/>
  <testcase name="shouldVetoAllTransportOrders" classname="org.opentcs.strategies.basic.dispatching.CompositeTransportOrderSelectionVetoTest" time="0.002"/>
  <testcase name="shouldVetoTransportOrdersContainingTransport" classname="org.opentcs.strategies.basic.dispatching.CompositeTransportOrderSelectionVetoTest" time="0.0"/>
  <testcase name="shouldVetoTransportOrdersContainingTransportOrOrder" classname="org.opentcs.strategies.basic.dispatching.CompositeTransportOrderSelectionVetoTest" time="0.008"/>
  <system-out><![CDATA[]]></system-out>
  <system-err><![CDATA[]]></system-err>
</testsuite>
