<?xml version="1.0" encoding="UTF-8"?>
<testsuite name="org.opentcs.strategies.basic.dispatching.phase.recharging.DefaultRechargePositionSupplierTest" tests="3" skipped="0" failures="0" errors="0" timestamp="2019-02-19T22:15:03" hostname="virtualserver01" time="0.014">
  <properties/>
  <testcase name="findExistingRechargePosition" classname="org.opentcs.strategies.basic.dispatching.phase.recharging.DefaultRechargePositionSupplierTest" time="0.008"/>
  <testcase name="returnsEmptyListIfNoRechargePositionExists" classname="org.opentcs.strategies.basic.dispatching.phase.recharging.DefaultRechargePositionSupplierTest" time="0.0"/>
  <testcase name="returnsEmptyListIfAssignedRechargePositionDoesNotExist" classname="org.opentcs.strategies.basic.dispatching.phase.recharging.DefaultRechargePositionSupplierTest" time="0.005"/>
  <system-out><![CDATA[]]></system-out>
  <system-err><![CDATA[]]></system-err>
</testsuite>
