<?xml version="1.0" encoding="UTF-8"?>
<testsuite name="org.opentcs.strategies.basic.routing.jgrapht.EdgeEvaluatorCompositeTest" tests="1" skipped="0" failures="0" errors="0" timestamp="2019-02-19T22:15:04" hostname="virtualserver01" time="0.002">
  <properties/>
  <testcase name="computeSumOfComponentWeights" classname="org.opentcs.strategies.basic.routing.jgrapht.EdgeEvaluatorCompositeTest" time="0.002"/>
  <system-out><![CDATA[]]></system-out>
  <system-err><![CDATA[]]></system-err>
</testsuite>
