<?xml version="1.0" encoding="UTF-8"?>
<testsuite name="org.opentcs.strategies.basic.dispatching.phase.assignment.priorization.CompositeOrderCandidateComparatorTest" tests="3" skipped="0" failures="0" errors="0" timestamp="2019-02-19T22:15:03" hostname="virtualserver01" time="0.018">
  <properties/>
  <testcase name="sortsByAgeAndName" classname="org.opentcs.strategies.basic.dispatching.phase.assignment.priorization.CompositeOrderCandidateComparatorTest" time="0.016"/>
  <testcase name="sortsByAgeAndNameAndInitialRoutingCost" classname="org.opentcs.strategies.basic.dispatching.phase.assignment.priorization.CompositeOrderCandidateComparatorTest" time="0.002"/>
  <testcase name="sortAlphabeticallyForOtherwiseEqualInstances" classname="org.opentcs.strategies.basic.dispatching.phase.assignment.priorization.CompositeOrderCandidateComparatorTest" time="0.0"/>
  <system-out><![CDATA[]]></system-out>
  <system-err><![CDATA[]]></system-err>
</testsuite>
