<?xml version="1.0" encoding="UTF-8"?>
<testsuite name="org.opentcs.strategies.basic.dispatching.ImplicitDispatchTriggerTest" tests="5" skipped="0" failures="0" errors="0" timestamp="2019-02-19T22:15:02" hostname="virtualserver01" time="0.905">
  <properties/>
  <testcase name="noDispatchWhenNotIdleAndEnergyLevelChanged" classname="org.opentcs.strategies.basic.dispatching.ImplicitDispatchTriggerTest" time="0.892"/>
  <testcase name="dispatchWhenProcStateBecameAwaitingOrder" classname="org.opentcs.strategies.basic.dispatching.ImplicitDispatchTriggerTest" time="0.009"/>
  <testcase name="dispatchWhenIdleAndEnergyLevelChanged" classname="org.opentcs.strategies.basic.dispatching.ImplicitDispatchTriggerTest" time="0.0"/>
  <testcase name="dispatchWhenOrderSequenceNulled" classname="org.opentcs.strategies.basic.dispatching.ImplicitDispatchTriggerTest" time="0.002"/>
  <testcase name="dispatchWhenProcStateBecameIdle" classname="org.opentcs.strategies.basic.dispatching.ImplicitDispatchTriggerTest" time="0.0"/>
  <system-out><![CDATA[]]></system-out>
  <system-err><![CDATA[]]></system-err>
</testsuite>
