<?xml version="1.0" encoding="UTF-8"?>
<testsuite name="org.opentcs.strategies.basic.dispatching.phase.assignment.priorization.CandidateComparatorIdleFirstTest" tests="1" skipped="0" failures="0" errors="0" timestamp="2019-02-19T22:15:03" hostname="virtualserver01" time="0.007">
  <properties/>
  <testcase name="sortVehiclesIdleFirst" classname="org.opentcs.strategies.basic.dispatching.phase.assignment.priorization.CandidateComparatorIdleFirstTest" time="0.007"/>
  <system-out><![CDATA[]]></system-out>
  <system-err><![CDATA[]]></system-err>
</testsuite>
