<?xml version="1.0" encoding="UTF-8"?>
<testsuite name="org.opentcs.strategies.basic.dispatching.phase.assignment.priorization.CandidateComparatorByCompleteRoutingCostsTest" tests="1" skipped="0" failures="0" errors="0" timestamp="2019-02-19T22:15:03" hostname="virtualserver01" time="0.019">
  <properties/>
  <testcase name="sortCheapCandidatesUp" classname="org.opentcs.strategies.basic.dispatching.phase.assignment.priorization.CandidateComparatorByCompleteRoutingCostsTest" time="0.019"/>
  <system-out><![CDATA[]]></system-out>
  <system-err><![CDATA[]]></system-err>
</testsuite>
