<?xml version="1.0" encoding="UTF-8"?>
<testsuite name="org.opentcs.guing.components.properties.AnglePropertyTest" tests="8" skipped="0" failures="0" errors="0" timestamp="2019-02-19T22:14:55" hostname="virtualserver01" time="2.507">
  <properties/>
  <testcase name="anglePropertyModulo" classname="org.opentcs.guing.components.properties.AnglePropertyTest" time="2.447"/>
  <testcase name="anglePropertyEmtpy" classname="org.opentcs.guing.components.properties.AnglePropertyTest" time="0.044"/>
  <testcase name="anglePropertyUnits" classname="org.opentcs.guing.components.properties.AnglePropertyTest" time="0.002"/>
  <testcase name="anglePropertyTest" classname="org.opentcs.guing.components.properties.AnglePropertyTest" time="0.001"/>
  <testcase name="anglePropertyUnknownUnit" classname="org.opentcs.guing.components.properties.AnglePropertyTest" time="0.003"/>
  <testcase name="anglePropertyNegativeValue" classname="org.opentcs.guing.components.properties.AnglePropertyTest" time="0.003"/>
  <testcase name="anglePropertyNoBlank" classname="org.opentcs.guing.components.properties.AnglePropertyTest" time="0.001"/>
  <testcase name="anglePropertyConversion" classname="org.opentcs.guing.components.properties.AnglePropertyTest" time="0.003"/>
  <system-out><![CDATA[]]></system-out>
  <system-err><![CDATA[]]></system-err>
</testsuite>
