<?xml version="1.0" encoding="UTF-8"?>
<testsuite name="org.opentcs.guing.components.properties.PercentPropertyTest" tests="6" skipped="0" failures="0" errors="0" timestamp="2019-02-19T22:14:57" hostname="virtualserver01" time="0.017">
  <properties/>
  <testcase name="percentPropertyNoBlank" classname="org.opentcs.guing.components.properties.PercentPropertyTest" time="0.005"/>
  <testcase name="percentPropertyTest" classname="org.opentcs.guing.components.properties.PercentPropertyTest" time="0.003"/>
  <testcase name="percentPropertyEmtpy" classname="org.opentcs.guing.components.properties.PercentPropertyTest" time="0.003"/>
  <testcase name="percentPropertyGreaterValue" classname="org.opentcs.guing.components.properties.PercentPropertyTest" time="0.001"/>
  <testcase name="percentPropertyNegativeValue" classname="org.opentcs.guing.components.properties.PercentPropertyTest" time="0.001"/>
  <testcase name="percentPropertyUnknownUnit" classname="org.opentcs.guing.components.properties.PercentPropertyTest" time="0.001"/>
  <system-out><![CDATA[]]></system-out>
  <system-err><![CDATA[]]></system-err>
</testsuite>
